{"level":"info","message":"Listening on port 4000..."}
{"level":"info","message":"Connected to mongodb://localhost/pmsystem..."}
{"level":"info","message":"Listening on port 4000..."}
{"level":"info","message":"Connected to mongodb://localhost/pmsystem..."}
{"level":"info","message":"Listening on port 4000..."}
{"level":"info","message":"Connected to mongodb://localhost/pmsystem..."}
{"level":"info","message":"Listening on port 4000..."}
{"level":"info","message":"Connected to mongodb://localhost/pmsystem..."}
{"level":"info","message":"Listening on port 4000..."}
{"level":"info","message":"Connected to mongodb://localhost/pmsystem..."}
{"level":"info","message":"Listening on port 4000..."}
{"level":"info","message":"Connected to mongodb://localhost/pmsystem..."}
{"level":"info","message":"Listening on port 4000..."}
{"level":"info","message":"Connected to mongodb://localhost/pmsystem..."}
{"level":"error","message":"Cannot read property 'endSession' of undefined Cannot read property 'endSession' of undefined","stack":"TypeError: Cannot read property 'endSession' of undefined\n    at E:\\projects\\node apps\\pms-api\\routes\\projects.js:116:13\n    at processTicksAndRejections (internal/process/task_queues.js:95:5)"}
{"level":"info","message":"Listening on port 4000..."}
{"level":"info","message":"Connected to mongodb://localhost/pmsystem..."}
{"level":"error","message":"Cannot read property 'endSession' of undefined Cannot read property 'endSession' of undefined","stack":"TypeError: Cannot read property 'endSession' of undefined\n    at E:\\projects\\node apps\\pms-api\\routes\\projects.js:116:13\n    at processTicksAndRejections (internal/process/task_queues.js:95:5)"}
{"level":"info","message":"Listening on port 4000..."}
{"level":"info","message":"Connected to mongodb://localhost/pmsystem..."}
{"code":"ERR_HTTP_HEADERS_SENT","level":"error","message":"Cannot set headers after they are sent to the client Cannot set headers after they are sent to the client","stack":"Error [ERR_HTTP_HEADERS_SENT]: Cannot set headers after they are sent to the client\n    at new NodeError (internal/errors.js:322:7)\n    at ServerResponse.setHeader (_http_outgoing.js:561:11)\n    at ServerResponse.header (E:\\projects\\node apps\\pms-api\\node_modules\\express\\lib\\response.js:776:10)\n    at ServerResponse.send (E:\\projects\\node apps\\pms-api\\node_modules\\express\\lib\\response.js:170:12)\n    at ServerResponse.json (E:\\projects\\node apps\\pms-api\\node_modules\\express\\lib\\response.js:267:15)\n    at ServerResponse.send (E:\\projects\\node apps\\pms-api\\node_modules\\express\\lib\\response.js:158:21)\n    at E:\\projects\\node apps\\pms-api\\routes\\projects.js:119:14\n    at processTicksAndRejections (internal/process/task_queues.js:95:5)"}
{"level":"info","message":"Listening on port 4000..."}
{"level":"info","message":"Connected to mongodb://localhost/pmsystem..."}
{"code":"ERR_HTTP_INVALID_STATUS_CODE","level":"error","message":"Invalid status code: Error Invalid status code: Error","stack":"RangeError [ERR_HTTP_INVALID_STATUS_CODE]: Invalid status code: Error\n    at new NodeError (internal/errors.js:322:7)\n    at ServerResponse.writeHead (_http_server.js:259:11)\n    at ServerResponse.writeHead (E:\\projects\\node apps\\pms-api\\node_modules\\on-headers\\index.js:44:26)\n    at ServerResponse._implicitHeader (_http_server.js:250:8)\n    at ServerResponse.end (E:\\projects\\node apps\\pms-api\\node_modules\\compression\\index.js:103:14)\n    at ServerResponse.send (E:\\projects\\node apps\\pms-api\\node_modules\\express\\lib\\response.js:221:10)\n    at ServerResponse.json (E:\\projects\\node apps\\pms-api\\node_modules\\express\\lib\\response.js:267:15)\n    at ServerResponse.send (E:\\projects\\node apps\\pms-api\\node_modules\\express\\lib\\response.js:158:21)\n    at E:\\projects\\node apps\\pms-api\\routes\\projects.js:114:9\n    at processTicksAndRejections (internal/process/task_queues.js:95:5)"}
{"level":"info","message":"Listening on port 4000..."}
{"level":"info","message":"Connected to mongodb://localhost/pmsystem..."}
{"code":"ERR_HTTP_INVALID_STATUS_CODE","level":"error","message":"Invalid status code: Error Invalid status code: Error","stack":"RangeError [ERR_HTTP_INVALID_STATUS_CODE]: Invalid status code: Error\n    at new NodeError (internal/errors.js:322:7)\n    at ServerResponse.writeHead (_http_server.js:259:11)\n    at ServerResponse.writeHead (E:\\projects\\node apps\\pms-api\\node_modules\\on-headers\\index.js:44:26)\n    at ServerResponse._implicitHeader (_http_server.js:250:8)\n    at ServerResponse.end (E:\\projects\\node apps\\pms-api\\node_modules\\compression\\index.js:103:14)\n    at ServerResponse.send (E:\\projects\\node apps\\pms-api\\node_modules\\express\\lib\\response.js:221:10)\n    at ServerResponse.json (E:\\projects\\node apps\\pms-api\\node_modules\\express\\lib\\response.js:267:15)\n    at ServerResponse.send (E:\\projects\\node apps\\pms-api\\node_modules\\express\\lib\\response.js:158:21)\n    at E:\\projects\\node apps\\pms-api\\routes\\projects.js:114:21\n    at processTicksAndRejections (internal/process/task_queues.js:95:5)"}
{"level":"info","message":"Listening on port 4000..."}
{"level":"info","message":"Connected to mongodb://localhost/pmsystem..."}
{"level":"info","message":"Listening on port 4000..."}
{"level":"info","message":"Connected to mongodb://localhost/pmsystem..."}
{"level":"info","message":"Listening on port 4000..."}
{"level":"info","message":"Connected to mongodb://localhost/pmsystem..."}
{"level":"info","message":"Listening on port 4000..."}
{"level":"info","message":"Connected to mongodb://localhost/pmsystem..."}
{"level":"info","message":"Listening on port 4000..."}
{"level":"info","message":"Connected to mongodb://localhost/pmsystem..."}
{"level":"error","message":"mongoose is not defined mongoose is not defined","stack":"ReferenceError: mongoose is not defined\n    at E:\\projects\\node apps\\pms-api\\routes\\projects.js:103:19\n    at processTicksAndRejections (internal/process/task_queues.js:95:5)"}
{"level":"info","message":"Listening on port 4000..."}
{"level":"info","message":"Connected to mongodb://localhost/pmsystem..."}
{"level":"error","message":"session is not defined session is not defined","stack":"ReferenceError: session is not defined\n    at E:\\projects\\node apps\\pms-api\\routes\\projects.js:104:62\n    at processTicksAndRejections (internal/process/task_queues.js:95:5)"}
